<?xml version="1.0" encoding="UTF-8"?>
<!-- Generated by org.testng.reporters.JUnitXMLReporter -->
<testsuite hostname="DESKTOP-3R73L8V" ignored="0" name="firefoxtest" tests="3" failures="0" timestamp="2020-08-13T07:36:43 IST" time="18.281" errors="0">
  <testcase name="loginTest" time="21.96" classname="com.nopcommerce.testCases.TC_LoginTest_001"/>
  <testcase name="loginTest" time="20.846" classname="com.nopcommerce.testCases.TC_LoginTest_001"/>
  <testcase name="loginTest" time="8.997" classname="com.nopcommerce.testCases.TC_LoginTest_001"/>
</testsuite> <!-- firefoxtest -->
